\BOOKMARK [0][-]{chapter.1}{\376\377\000f\000u\000n\000c\000t\000i\000o\000n\000f\000i\000n\000d\000e\000r}{}% 1
\BOOKMARK [1][-]{section.1.1}{\376\377\000f\000u\000n\000c\000t\000i\000o\000n\000f\000i\000n\000d\000e\000r\000.\000c\000l\000a\000s\000s\000e\000s}{chapter.1}% 2
\BOOKMARK [2][-]{subsection.1.1.1}{\376\377\000f\000u\000n\000c\000t\000i\000o\000n\000f\000i\000n\000d\000e\000r\000.\000c\000l\000a\000s\000s\000e\000s\000.\000i\000d\000e\000a\000l\000d\000a\000t\000a}{section.1.1}% 3
\BOOKMARK [3][-]{subsubsection*.4}{\376\377\000A\000t\000t\000r\000i\000b\000u\000t\000e\000s}{subsection.1.1.1}% 4
\BOOKMARK [3][-]{subsubsection*.5}{\376\377\000M\000e\000t\000h\000o\000d\000s}{subsection.1.1.1}% 5
\BOOKMARK [4][-]{paragraph*.7}{\376\377\000P\000a\000r\000a\000m\000e\000t\000e\000r\000s}{subsubsection*.5}% 6
\BOOKMARK [4][-]{paragraph*.11}{\376\377\000P\000a\000r\000a\000m\000e\000t\000e\000r\000s}{subsubsection*.5}% 7
\BOOKMARK [2][-]{subsection.1.1.2}{\376\377\000f\000u\000n\000c\000t\000i\000o\000n\000f\000i\000n\000d\000e\000r\000.\000c\000l\000a\000s\000s\000e\000s\000.\000p\000r\000o\000j\000e\000c\000t\000d\000a\000t\000a}{section.1.1}% 8
\BOOKMARK [3][-]{subsubsection*.13}{\376\377\000A\000t\000t\000r\000i\000b\000u\000t\000e\000s}{subsection.1.1.2}% 9
\BOOKMARK [3][-]{subsubsection*.14}{\376\377\000M\000e\000t\000h\000o\000d\000s}{subsection.1.1.2}% 10
\BOOKMARK [4][-]{paragraph*.16}{\376\377\000P\000a\000r\000a\000m\000e\000t\000e\000r\000s}{subsubsection*.14}% 11
\BOOKMARK [2][-]{subsection.1.1.3}{\376\377\000f\000u\000n\000c\000t\000i\000o\000n\000f\000i\000n\000d\000e\000r\000.\000c\000l\000a\000s\000s\000e\000s\000.\000t\000e\000s\000t\000d\000a\000t\000a}{section.1.1}% 12
\BOOKMARK [3][-]{subsubsection*.20}{\376\377\000A\000t\000t\000r\000i\000b\000u\000t\000e\000s}{subsection.1.1.3}% 13
\BOOKMARK [3][-]{subsubsection*.21}{\376\377\000M\000e\000t\000h\000o\000d\000s}{subsection.1.1.3}% 14
\BOOKMARK [4][-]{paragraph*.23}{\376\377\000P\000a\000r\000a\000m\000e\000t\000e\000r\000s}{subsubsection*.21}% 15
\BOOKMARK [1][-]{section.1.2}{\376\377\000f\000u\000n\000c\000t\000i\000o\000n\000f\000i\000n\000d\000e\000r\000.\000c\000o\000n\000f\000i\000g}{chapter.1}% 16
\BOOKMARK [2][-]{subsection.1.2.1}{\376\377\000M\000e\000t\000h\000o\000d\000s}{section.1.2}% 17
\BOOKMARK [2][-]{subsection.1.2.2}{\376\377\000f\000u\000n\000c\000t\000i\000o\000n\000f\000i\000n\000d\000e\000r\000.\000c\000o\000n\000f\000i\000g\000.\000e\000r\000r\000o\000r\000\137\000c\000a\000l\000c\000u\000l\000a\000t\000i\000o\000n}{section.1.2}% 18
\BOOKMARK [3][-]{subsubsection*.28}{\376\377\000P\000a\000r\000a\000m\000e\000t\000e\000r\000s}{subsection.1.2.2}% 19
\BOOKMARK [3][-]{subsubsection*.29}{\376\377\000R\000e\000t\000u\000r\000n\000s}{subsection.1.2.2}% 20
\BOOKMARK [3][-]{subsubsection*.30}{\376\377\000N\000o\000t\000e\000s}{subsection.1.2.2}% 21
\BOOKMARK [1][-]{section.1.3}{\376\377\000f\000u\000n\000c\000t\000i\000o\000n\000f\000i\000n\000d\000e\000r\000.\000d\000a\000t\000a\000f\000u\000n\000c\000t\000i\000o\000n\000s}{chapter.1}% 22
\BOOKMARK [2][-]{subsection.1.3.1}{\376\377\000M\000e\000t\000h\000o\000d\000s}{section.1.3}% 23
\BOOKMARK [2][-]{subsection.1.3.2}{\376\377\000f\000u\000n\000c\000t\000i\000o\000n\000f\000i\000n\000d\000e\000r\000.\000d\000a\000t\000a\000f\000u\000n\000c\000t\000i\000o\000n\000s\000.\000c\000a\000l\000c\000u\000l\000a\000t\000e\000\137\000b\000e\000s\000t\000\137\000i\000d\000e\000a\000l}{section.1.3}% 24
\BOOKMARK [3][-]{subsubsection*.32}{\376\377\000P\000a\000r\000a\000m\000e\000t\000e\000r\000s}{subsection.1.3.2}% 25
\BOOKMARK [3][-]{subsubsection*.33}{\376\377\000R\000e\000t\000u\000r\000n\000s}{subsection.1.3.2}% 26
\BOOKMARK [2][-]{subsection.1.3.3}{\376\377\000f\000u\000n\000c\000t\000i\000o\000n\000f\000i\000n\000d\000e\000r\000.\000d\000a\000t\000a\000f\000u\000n\000c\000t\000i\000o\000n\000s\000.\000c\000h\000e\000c\000k\000t\000y\000p\000e\000s}{section.1.3}% 27
\BOOKMARK [3][-]{subsubsection*.35}{\376\377\000P\000a\000r\000a\000m\000e\000t\000e\000r\000s}{subsection.1.3.3}% 28
\BOOKMARK [3][-]{subsubsection*.36}{\376\377\000R\000e\000t\000u\000r\000n\000s}{subsection.1.3.3}% 29
\BOOKMARK [2][-]{subsection.1.3.4}{\376\377\000f\000u\000n\000c\000t\000i\000o\000n\000f\000i\000n\000d\000e\000r\000.\000d\000a\000t\000a\000f\000u\000n\000c\000t\000i\000o\000n\000s\000.\000c\000r\000e\000a\000t\000e\000\137\000e\000m\000p\000t\000y\000\137\000s\000q\000l\000i\000t\000e\000d\000b}{section.1.3}% 30
\BOOKMARK [3][-]{subsubsection*.38}{\376\377\000P\000a\000r\000a\000m\000e\000t\000e\000r\000s}{subsection.1.3.4}% 31
\BOOKMARK [2][-]{subsection.1.3.5}{\376\377\000f\000u\000n\000c\000t\000i\000o\000n\000f\000i\000n\000d\000e\000r\000.\000d\000a\000t\000a\000f\000u\000n\000c\000t\000i\000o\000n\000s\000.\000c\000s\000v\0002\000s\000q\000l\000\137\000d\000i\000r\000e\000c\000t\000l\000y}{section.1.3}% 32
\BOOKMARK [3][-]{subsubsection*.40}{\376\377\000P\000a\000r\000a\000m\000e\000t\000e\000r\000s}{subsection.1.3.5}% 33
\BOOKMARK [2][-]{subsection.1.3.6}{\376\377\000f\000u\000n\000c\000t\000i\000o\000n\000f\000i\000n\000d\000e\000r\000.\000d\000a\000t\000a\000f\000u\000n\000c\000t\000i\000o\000n\000s\000.\000c\000s\000v\0002\000s\000q\000l\000\137\000p\000a\000n\000d\000a\000s}{section.1.3}% 34
\BOOKMARK [3][-]{subsubsection*.42}{\376\377\000P\000a\000r\000a\000m\000e\000t\000e\000r\000s}{subsection.1.3.6}% 35
\BOOKMARK [2][-]{subsection.1.3.7}{\376\377\000f\000u\000n\000c\000t\000i\000o\000n\000f\000i\000n\000d\000e\000r\000.\000d\000a\000t\000a\000f\000u\000n\000c\000t\000i\000o\000n\000s\000.\000m\000i\000n\000\137\000e\000r\000r\000o\000r}{section.1.3}% 36
\BOOKMARK [3][-]{subsubsection*.44}{\376\377\000P\000a\000r\000a\000m\000e\000t\000e\000r\000s}{subsection.1.3.7}% 37
\BOOKMARK [3][-]{subsubsection*.45}{\376\377\000R\000e\000t\000u\000r\000n\000s}{subsection.1.3.7}% 38
\BOOKMARK [1][-]{section.1.4}{\376\377\000f\000u\000n\000c\000t\000i\000o\000n\000f\000i\000n\000d\000e\000r\000.\000e\000x\000c\000e\000p\000t\000i\000o\000n\000s}{chapter.1}% 39
\BOOKMARK [2][-]{subsection.1.4.1}{\376\377\000f\000u\000n\000c\000t\000i\000o\000n\000f\000i\000n\000d\000e\000r\000.\000e\000x\000c\000e\000p\000t\000i\000o\000n\000s\000.\000T\000y\000p\000e\000E\000r\000r\000o\000r}{section.1.4}% 40
\BOOKMARK [1][-]{section.1.5}{\376\377\000f\000u\000n\000c\000t\000i\000o\000n\000f\000i\000n\000d\000e\000r\000.\000f\000f\000r\000u\000n\000n\000e\000r}{chapter.1}% 41
\BOOKMARK [2][-]{subsection.1.5.1}{\376\377\000M\000e\000t\000h\000o\000d\000s}{section.1.5}% 42
\BOOKMARK [2][-]{subsection.1.5.2}{\376\377\000f\000u\000n\000c\000t\000i\000o\000n\000f\000i\000n\000d\000e\000r\000.\000f\000f\000r\000u\000n\000n\000e\000r\000.\000t\000a\000s\000k}{section.1.5}% 43
\BOOKMARK [1][-]{section.1.6}{\376\377\000f\000u\000n\000c\000t\000i\000o\000n\000f\000i\000n\000d\000e\000r\000.\000l\000o\000g}{chapter.1}% 44
\BOOKMARK [2][-]{subsection.1.6.1}{\376\377\000f\000u\000n\000c\000t\000i\000o\000n\000f\000i\000n\000d\000e\000r\000.\000l\000o\000g\000.\000s\000e\000t\000l\000o\000g\000g\000i\000n\000g}{section.1.6}% 45
\BOOKMARK [1][-]{section.1.7}{\376\377\000f\000u\000n\000c\000t\000i\000o\000n\000f\000i\000n\000d\000e\000r\000.\000s\000e\000t\000u\000p\000l\000o\000g}{chapter.1}% 46
\BOOKMARK [2][-]{subsection.1.7.1}{\376\377\000f\000u\000n\000c\000t\000i\000o\000n\000f\000i\000n\000d\000e\000r\000.\000s\000e\000t\000u\000p\000l\000o\000g\000.\000s\000e\000t\000\137\000s\000e\000t\000u\000p\000l\000o\000g\000g\000i\000n\000g}{section.1.7}% 47
\BOOKMARK [0][-]{chapter.2}{\376\377\000t\000e\000s\000t\000s}{}% 48
\BOOKMARK [1][-]{section.2.1}{\376\377\000t\000e\000s\000t\000s\000.\000t\000e\000s\000t\000\137\000u\000n\000i\000t}{chapter.2}% 49
\BOOKMARK [2][-]{subsection.2.1.1}{\376\377\000N\000o\000t\000e\000s}{section.2.1}% 50
\BOOKMARK [2][-]{subsection.2.1.2}{\376\377\000T\000e\000s\000t\000S\000e\000t\000s}{section.2.1}% 51
\BOOKMARK [2][-]{subsection.2.1.3}{\376\377\000M\000e\000t\000h\000o\000d\000s}{section.2.1}% 52
\BOOKMARK [2][-]{subsection.2.1.4}{\376\377\000t\000e\000s\000t\000s\000.\000t\000e\000s\000t\000\137\000u\000n\000i\000t\000.\000c\000h\000e\000c\000k\000\137\000s\000t\000r\000u\000c\000t}{section.2.1}% 53
\BOOKMARK [3][-]{subsubsection*.51}{\376\377\000P\000a\000r\000a\000m\000e\000t\000e\000r\000s}{subsection.2.1.4}% 54
\BOOKMARK [3][-]{subsubsection*.52}{\376\377\000R\000e\000t\000u\000r\000n\000s}{subsection.2.1.4}% 55
\BOOKMARK [2][-]{subsection.2.1.5}{\376\377\000t\000e\000s\000t\000s\000.\000t\000e\000s\000t\000\137\000u\000n\000i\000t\000.\000t\000e\000s\000t\000\137\000d\000f}{section.2.1}% 56
\BOOKMARK [2][-]{subsection.2.1.6}{\376\377\000t\000e\000s\000t\000s\000.\000t\000e\000s\000t\000\137\000u\000n\000i\000t\000.\000t\000e\000s\000t\000\137\000s\000q\000l\000i\000t\000e}{section.2.1}% 57
\BOOKMARK [0][-]{section*.165}{\376\377\000P\000y\000t\000h\000o\000n\000\040\000M\000o\000d\000u\000l\000e\000\040\000I\000n\000d\000e\000x}{}% 58
\BOOKMARK [0][-]{section*.166}{\376\377\000I\000n\000d\000e\000x}{}% 59
